<?xml version="1.0" encoding="UTF-8"?>
<!-- Generated by org.testng.reporters.JUnitReportReporter -->
<testsuite hostname="ttnpl-3903.local" failures="0" tests="1" name="windowHandeling.newWindow" time="8.729" errors="0" timestamp="2023-10-27T12:50:11 IST" skipped="0">
  <testcase classname="windowHandeling.newWindow" name="getNewWindow" time="8.729"/>
  <system-out/>
</testsuite> <!-- windowHandeling.newWindow -->
