<?xml version="1.0" encoding="UTF-8"?>
<!-- Generated by org.testng.reporters.JUnitReportReporter -->
<testsuite hostname="ttnpl-3903.local" failures="0" tests="1" name="waitsStrategy.explicitWait" time="5.349" errors="0" timestamp="2023-10-26T15:39:49 IST" skipped="0">
  <testcase classname="waitsStrategy.explicitWait" name="explicitWaitDemo" time="5.349"/>
  <system-out/>
</testsuite> <!-- waitsStrategy.explicitWait -->
