<?xml version="1.0" encoding="UTF-8"?>
<!-- Generated by org.testng.reporters.JUnitReportReporter -->
<testsuite hostname="ttnpl-3903.local" failures="0" tests="1" name="windowHandeling.newTabDemo" time="4.060" errors="0" timestamp="2023-10-27T11:41:32 IST" skipped="0">
  <testcase classname="windowHandeling.newTabDemo" name="auto_newTabDemo" time="4.060"/>
  <system-out/>
</testsuite> <!-- windowHandeling.newTabDemo -->
