<?xml version="1.0" encoding="UTF-8"?>
<!-- Generated by org.testng.reporters.JUnitReportReporter -->
<testsuite hostname="ttnpl-3903.local" failures="0" tests="2" name="reletiveLocators.belowLocatingStrategy" time="8.176" errors="0" timestamp="2023-10-27T16:41:02 IST" skipped="0">
  <testcase classname="reletiveLocators.belowLocatingStrategy" name="belowLocatorDemo_1" time="4.872"/>
  <system-out/>
  <testcase classname="reletiveLocators.belowLocatingStrategy" name="belowLocatorDemo_2" time="3.304"/>
  <system-out/>
</testsuite> <!-- reletiveLocators.belowLocatingStrategy -->
