<?xml version="1.0" encoding="UTF-8"?>
<!-- Generated by org.testng.reporters.JUnitReportReporter -->
<testsuite hostname="ttnpl-3903.local" failures="0" tests="1" name="chromeDevTool.geoLocation" time="4.984" errors="0" timestamp="2023-10-30T10:26:22 IST" skipped="0">
  <testcase classname="chromeDevTool.geoLocation" name="geoLocationDemo" time="4.984"/>
  <system-out/>
</testsuite> <!-- chromeDevTool.geoLocation -->
