<?xml version="1.0" encoding="UTF-8"?>
<!-- Generated by org.testng.reporters.JUnitReportReporter -->
<testsuite hostname="ttnpl-3903.local" failures="0" tests="1" name="newActions.clickAndHold" time="15.372" errors="0" timestamp="2023-10-27T18:04:49 IST" skipped="0">
  <testcase classname="newActions.clickAndHold" name="clickAndHold_Demo" time="15.372"/>
  <system-out/>
</testsuite> <!-- newActions.clickAndHold -->
