<?xml version="1.0" encoding="UTF-8"?>
<!-- Generated by org.testng.reporters.JUnitReportReporter -->
<testsuite hostname="ttnpl-3903.local" failures="0" tests="1" name="browersOptions.firefoxOptions_Implementation" time="9.941" errors="0" timestamp="2023-10-26T14:25:48 IST" skipped="0">
  <testcase classname="browersOptions.firefoxOptions_Implementation" name="test_ChromeOptions" time="9.941"/>
  <system-out/>
</testsuite> <!-- browersOptions.firefoxOptions_Implementation -->
