<?xml version="1.0" encoding="UTF-8"?>
<!-- Generated by org.testng.reporters.JUnitReportReporter -->
<testsuite hostname="ttnpl-3903.local" failures="0" tests="1" name="takeScreenshot.fullPageScreenshot" time="6.186" errors="0" timestamp="2023-10-29T18:37:46 IST" skipped="0">
  <testcase classname="takeScreenshot.fullPageScreenshot" name="take_fullpage_screenshot" time="6.186"/>
  <system-out/>
</testsuite> <!-- takeScreenshot.fullPageScreenshot -->
