<?xml version="1.0" encoding="UTF-8"?>
<!-- Generated by org.testng.reporters.JUnitReportReporter -->
<testsuite hostname="ttnpl-3903.local" failures="0" tests="1" name="reletiveLocators.LeftOfStrategy" time="15.007" errors="0" timestamp="2023-10-27T16:56:11 IST" skipped="0">
  <testcase classname="reletiveLocators.LeftOfStrategy" name="leftOfLocatorDemo_1" time="15.007"/>
  <system-out/>
</testsuite> <!-- reletiveLocators.LeftOfStrategy -->
