<?xml version="1.0" encoding="UTF-8"?>
<!-- Generated by org.testng.reporters.JUnitReportReporter -->
<testsuite hostname="ttnpl-3903.local" failures="0" tests="2" name="chromeDevTool.networkContition_1" time="17.520" errors="0" timestamp="2023-10-30T12:15:37 IST" skipped="0">
  <testcase classname="chromeDevTool.networkContition_1" name="emulateNetworkConnection_WIFI" time="8.366"/>
  <system-out/>
  <testcase classname="chromeDevTool.networkContition_1" name="emulateNetworkConnection_2G" time="9.154"/>
  <system-out/>
</testsuite> <!-- chromeDevTool.networkContition_1 -->
