<?xml version="1.0" encoding="UTF-8"?>
<!-- Generated by org.testng.reporters.JUnitReportReporter -->
<testsuite hostname="ttnpl-3903.local" failures="0" tests="1" name="chromeDevTool.networkIntercept" time="5.585" errors="0" timestamp="2023-10-30T15:29:17 IST" skipped="0">
  <testcase classname="chromeDevTool.networkIntercept" name="networkInterceptDemo" time="5.585"/>
  <system-out/>
</testsuite> <!-- chromeDevTool.networkIntercept -->
