<?xml version="1.0" encoding="UTF-8"?>
<!-- Generated by org.testng.reporters.JUnitReportReporter -->
<testsuite hostname="ttnpl-3903.local" failures="0" tests="1" name="chromeDevTool.networkTraffic" time="6.648" errors="0" timestamp="2023-10-30T14:49:52 IST" skipped="0">
  <testcase classname="chromeDevTool.networkTraffic" name="trackNetwork_Call" time="6.648"/>
  <system-out/>
</testsuite> <!-- chromeDevTool.networkTraffic -->
