<?xml version="1.0" encoding="UTF-8"?>
<!-- Generated by org.testng.reporters.JUnitReportReporter -->
<testsuite hostname="ttnpl-3903.local" failures="0" tests="1" name="selGridImplentation.standaloneGrid" time="11.898" errors="0" timestamp="2023-10-30T19:14:49 IST" skipped="0">
  <testcase classname="selGridImplentation.standaloneGrid" name="webElement_ScreenshotDemo" time="11.898"/>
  <system-out/>
</testsuite> <!-- selGridImplentation.standaloneGrid -->
