<?xml version="1.0" encoding="UTF-8"?>
<!-- Generated by org.testng.reporters.JUnitReportReporter -->
<testsuite hostname="ttnpl-3903.local" failures="0" tests="1" name="waitsStrategy.fluentWait" time="6.398" errors="0" timestamp="2023-10-26T16:37:14 IST" skipped="0">
  <testcase classname="waitsStrategy.fluentWait" name="fluentWaitDemo" time="6.398"/>
  <system-out/>
</testsuite> <!-- waitsStrategy.fluentWait -->
