<?xml version="1.0" encoding="UTF-8"?>
<!-- Generated by org.testng.reporters.JUnitReportReporter -->
<testsuite hostname="ttnpl-3903.local" failures="0" tests="2" name="browersOptions.chromeOptions_Implementation" time="11.057" errors="0" timestamp="2023-10-26T14:14:11 IST" skipped="0">
  <testcase classname="browersOptions.chromeOptions_Implementation" name="test_ChromeOptions" time="4.461"/>
  <system-out/>
  <testcase classname="browersOptions.chromeOptions_Implementation" name="test_ChromeCapability" time="6.596"/>
  <system-out/>
</testsuite> <!-- browersOptions.chromeOptions_Implementation -->
