<?xml version="1.0" encoding="UTF-8"?>
<!-- Generated by org.testng.reporters.JUnitReportReporter -->
<testsuite hostname="ttnpl-3903.local" failures="0" tests="1" name="newActions.doubleClick" time="5.433" errors="0" timestamp="2023-10-27T18:35:41 IST" skipped="0">
  <testcase classname="newActions.doubleClick" name="doubleClick_Demo" time="5.433"/>
  <system-out/>
</testsuite> <!-- newActions.doubleClick -->
