<?xml version="1.0" encoding="UTF-8"?>
<!-- Generated by org.testng.reporters.JUnitReportReporter -->
<testsuite hostname="ttnpl-3903.local" failures="0" tests="1" name="reletiveLocators.nearStrategy" time="10.149" errors="0" timestamp="2023-10-27T17:22:42 IST" skipped="0">
  <testcase classname="reletiveLocators.nearStrategy" name="nearDemo" time="10.149"/>
  <system-out/>
</testsuite> <!-- reletiveLocators.nearStrategy -->
