<?xml version="1.0" encoding="UTF-8"?>
<!-- Generated by org.testng.reporters.JUnitReportReporter -->
<testsuite hostname="ttnpl-3903.local" failures="0" tests="1" name="reletiveLocators.aboveLocatingStrategy" time="4.561" errors="0" timestamp="2023-10-27T15:38:38 IST" skipped="0">
  <testcase classname="reletiveLocators.aboveLocatingStrategy" name="aboveLocatorDemo_1" time="4.561"/>
  <system-out/>
</testsuite> <!-- reletiveLocators.aboveLocatingStrategy -->
