<?xml version="1.0" encoding="UTF-8"?>
<!-- Generated by org.testng.reporters.JUnitReportReporter -->
<testsuite hostname="ttnpl-3903.local" failures="0" tests="1" name="takeScreenshot.webElement_Screenshot" time="5.532" errors="0" timestamp="2023-10-29T18:51:19 IST" skipped="0">
  <testcase classname="takeScreenshot.webElement_Screenshot" name="webElement_ScreenshotDemo" time="5.532"/>
  <system-out/>
</testsuite> <!-- takeScreenshot.webElement_Screenshot -->
