<?xml version="1.0" encoding="UTF-8"?>
<!-- Generated by org.testng.reporters.JUnitReportReporter -->
<testsuite hostname="ttnpl-3903.local" failures="0" tests="3" name="waitsStrategy.pageLoadStrategy" time="10.891" errors="0" timestamp="2023-10-26T15:06:55 IST" skipped="0">
  <testcase classname="waitsStrategy.pageLoadStrategy" name="NoneStrategy" time="2.330"/>
  <system-out/>
  <testcase classname="waitsStrategy.pageLoadStrategy" name="eagerStrategy" time="3.530"/>
  <system-out/>
  <testcase classname="waitsStrategy.pageLoadStrategy" name="normalStrategy" time="5.031"/>
  <system-out/>
</testsuite> <!-- waitsStrategy.pageLoadStrategy -->
