<?xml version="1.0" encoding="UTF-8"?>
<!-- Generated by org.testng.reporters.JUnitReportReporter -->
<testsuite hostname="ttnpl-3903.local" failures="0" tests="1" name="windowHandeling.minimizeWindow" time="4.951" errors="0" timestamp="2023-10-27T12:58:21 IST" skipped="0">
  <testcase classname="windowHandeling.minimizeWindow" name="minimizeWindow_Demo" time="4.951"/>
  <system-out/>
</testsuite> <!-- windowHandeling.minimizeWindow -->
