<?xml version="1.0" encoding="UTF-8"?>
<!-- Generated by org.testng.reporters.JUnitReportReporter -->
<testsuite hostname="ttnpl-3903.local" failures="0" tests="1" name="windowHandeling.newTab" time="5.514" errors="0" timestamp="2023-10-26T17:31:07 IST" skipped="0">
  <testcase classname="windowHandeling.newTab" name="switchToNewTab" time="5.514"/>
  <system-out/>
</testsuite> <!-- windowHandeling.newTab -->
