<?xml version="1.0" encoding="UTF-8"?>
<!-- Generated by org.testng.reporters.JUnitReportReporter -->
<testsuite hostname="ttnpl-3903.local" failures="0" tests="1" name="newActions.dragAndDrop" time="5.535" errors="0" timestamp="2023-10-27T18:26:12 IST" skipped="0">
  <testcase classname="newActions.dragAndDrop" name="dragAndDrop_Demo" time="5.535"/>
  <system-out/>
</testsuite> <!-- newActions.dragAndDrop -->
